2023-04-03 15:51:53.695 [restartedMain] INFO  com.atguigu.yygh.hosp.ServiceHospApplication - Starting ServiceHospApplication on song with PID 1428 (D:\dream3\yygh_parent\service\service_hosp\target\classes started by z2416 in D:\dream3\yygh_parent)
2023-04-03 15:51:53.696 [restartedMain] INFO  com.atguigu.yygh.hosp.ServiceHospApplication - The following profiles are active: dev
2023-04-03 15:51:53.720 [restartedMain] INFO  o.s.b.d.env.DevToolsPropertyDefaultsPostProcessor - Devtools property defaults active! Set 'spring.devtools.add-properties' to 'false' to disable
2023-04-03 15:51:53.720 [restartedMain] INFO  o.s.b.d.env.DevToolsPropertyDefaultsPostProcessor - For additional web related logging consider setting the 'logging.level.web' property to 'DEBUG'
2023-04-03 15:51:54.292 [restartedMain] INFO  o.s.d.r.config.RepositoryConfigurationDelegate - Multiple Spring Data modules found, entering strict repository configuration mode!
2023-04-03 15:51:54.293 [restartedMain] INFO  o.s.d.r.config.RepositoryConfigurationDelegate - Bootstrapping Spring Data MongoDB repositories in DEFAULT mode.
2023-04-03 15:51:54.331 [restartedMain] INFO  o.s.d.r.config.RepositoryConfigurationDelegate - Finished Spring Data repository scanning in 35ms. Found 3 MongoDB repository interfaces.
2023-04-03 15:51:54.339 [restartedMain] INFO  o.s.d.r.config.RepositoryConfigurationDelegate - Multiple Spring Data modules found, entering strict repository configuration mode!
2023-04-03 15:51:54.340 [restartedMain] INFO  o.s.d.r.config.RepositoryConfigurationDelegate - Bootstrapping Spring Data Redis repositories in DEFAULT mode.
2023-04-03 15:51:54.348 [restartedMain] INFO  o.s.d.r.c.RepositoryConfigurationExtensionSupport - Spring Data Redis - Could not safely identify store assignment for repository candidate interface com.atguigu.yygh.hosp.repository.DepartmentRepository. If you want this repository to be a Redis repository, consider annotating your entities with one of these annotations: org.springframework.data.redis.core.RedisHash (preferred), or consider extending one of the following types with your repository: org.springframework.data.keyvalue.repository.KeyValueRepository.
2023-04-03 15:51:54.349 [restartedMain] INFO  o.s.d.r.c.RepositoryConfigurationExtensionSupport - Spring Data Redis - Could not safely identify store assignment for repository candidate interface com.atguigu.yygh.hosp.repository.HospitalRepository. If you want this repository to be a Redis repository, consider annotating your entities with one of these annotations: org.springframework.data.redis.core.RedisHash (preferred), or consider extending one of the following types with your repository: org.springframework.data.keyvalue.repository.KeyValueRepository.
2023-04-03 15:51:54.349 [restartedMain] INFO  o.s.d.r.c.RepositoryConfigurationExtensionSupport - Spring Data Redis - Could not safely identify store assignment for repository candidate interface com.atguigu.yygh.hosp.repository.ScheduleRepository. If you want this repository to be a Redis repository, consider annotating your entities with one of these annotations: org.springframework.data.redis.core.RedisHash (preferred), or consider extending one of the following types with your repository: org.springframework.data.keyvalue.repository.KeyValueRepository.
2023-04-03 15:51:54.349 [restartedMain] INFO  o.s.d.r.config.RepositoryConfigurationDelegate - Finished Spring Data repository scanning in 4ms. Found 0 Redis repository interfaces.
2023-04-03 15:51:54.522 [restartedMain] INFO  o.s.c.s.PostProcessorRegistrationDelegate$BeanPostProcessorChecker - Bean 'org.springframework.transaction.annotation.ProxyTransactionManagementConfiguration' of type [org.springframework.transaction.annotation.ProxyTransactionManagementConfiguration] is not eligible for getting processed by all BeanPostProcessors (for example: not eligible for auto-proxying)
2023-04-03 15:51:54.777 [restartedMain] INFO  o.s.boot.web.embedded.tomcat.TomcatWebServer - Tomcat initialized with port(s): 8201 (http)
2023-04-03 15:51:54.783 [restartedMain] INFO  org.apache.coyote.http11.Http11NioProtocol - Initializing ProtocolHandler ["http-nio-8201"]
2023-04-03 15:51:54.784 [restartedMain] INFO  org.apache.catalina.core.StandardService - Starting service [Tomcat]
2023-04-03 15:51:54.784 [restartedMain] INFO  org.apache.catalina.core.StandardEngine - Starting Servlet engine: [Apache Tomcat/9.0.29]
2023-04-03 15:51:54.882 [restartedMain] INFO  o.a.c.core.ContainerBase.[Tomcat].[localhost].[/] - Initializing Spring embedded WebApplicationContext
2023-04-03 15:51:54.882 [restartedMain] INFO  org.springframework.web.context.ContextLoader - Root WebApplicationContext: initialization completed in 1127 ms
2023-04-03 15:51:55.273 [restartedMain] INFO  org.mongodb.driver.cluster - Cluster created with settings {hosts=[192.168.9.100:27017], mode=SINGLE, requiredClusterType=UNKNOWN, serverSelectionTimeout='30000 ms', maxWaitQueueSize=500}
2023-04-03 15:51:55.299 [cluster-ClusterId{value='642a859bbe93846505184b4e', description='null'}-192.168.9.100:27017] INFO  org.mongodb.driver.connection - Opened connection [connectionId{localValue:1, serverValue:36}] to 192.168.9.100:27017
2023-04-03 15:51:55.302 [cluster-ClusterId{value='642a859bbe93846505184b4e', description='null'}-192.168.9.100:27017] INFO  org.mongodb.driver.cluster - Monitor thread successfully connected to server with description ServerDescription{address=192.168.9.100:27017, type=STANDALONE, state=CONNECTED, ok=true, version=ServerVersion{versionList=[6, 0, 5]}, minWireVersion=0, maxWireVersion=17, maxDocumentSize=16777216, logicalSessionTimeoutMinutes=30, roundTripTimeNanos=1820200}
2023-04-03 15:51:55.429 [restartedMain] INFO  o.s.b.d.autoconfigure.OptionalLiveReloadServer - LiveReload server is running on port 35729
2023-04-03 15:51:55.454 [restartedMain] INFO  org.mongodb.driver.connection - Opened connection [connectionId{localValue:2, serverValue:37}] to 192.168.9.100:27017
2023-04-03 15:51:56.137 [restartedMain] INFO  org.mongodb.driver.connection - Closed connection [connectionId{localValue:2, serverValue:37}] to 192.168.9.100:27017 because the pool has been closed.
2023-04-03 15:51:56.139 [restartedMain] INFO  org.apache.catalina.core.StandardService - Stopping service [Tomcat]
2023-04-03 15:51:56.146 [restartedMain] INFO  o.s.b.a.l.ConditionEvaluationReportLoggingListener - 

Error starting ApplicationContext. To display the conditions report re-run your application with 'debug' enabled.
2023-04-03 18:35:32.848 [restartedMain] INFO  com.atguigu.yygh.hosp.ServiceHospApplication - Starting ServiceHospApplication on song with PID 15904 (D:\dream3\yygh_parent\service\service_hosp\target\classes started by z2416 in D:\dream3\yygh_parent)
2023-04-03 18:35:32.851 [restartedMain] INFO  com.atguigu.yygh.hosp.ServiceHospApplication - The following profiles are active: dev
2023-04-03 18:35:32.879 [restartedMain] INFO  o.s.b.d.env.DevToolsPropertyDefaultsPostProcessor - Devtools property defaults active! Set 'spring.devtools.add-properties' to 'false' to disable
2023-04-03 18:35:32.880 [restartedMain] INFO  o.s.b.d.env.DevToolsPropertyDefaultsPostProcessor - For additional web related logging consider setting the 'logging.level.web' property to 'DEBUG'
2023-04-03 18:35:33.521 [restartedMain] INFO  o.s.d.r.config.RepositoryConfigurationDelegate - Multiple Spring Data modules found, entering strict repository configuration mode!
2023-04-03 18:35:33.522 [restartedMain] INFO  o.s.d.r.config.RepositoryConfigurationDelegate - Bootstrapping Spring Data MongoDB repositories in DEFAULT mode.
2023-04-03 18:35:33.564 [restartedMain] INFO  o.s.d.r.config.RepositoryConfigurationDelegate - Finished Spring Data repository scanning in 39ms. Found 3 MongoDB repository interfaces.
2023-04-03 18:35:33.575 [restartedMain] INFO  o.s.d.r.config.RepositoryConfigurationDelegate - Multiple Spring Data modules found, entering strict repository configuration mode!
2023-04-03 18:35:33.575 [restartedMain] INFO  o.s.d.r.config.RepositoryConfigurationDelegate - Bootstrapping Spring Data Redis repositories in DEFAULT mode.
2023-04-03 18:35:33.586 [restartedMain] INFO  o.s.d.r.c.RepositoryConfigurationExtensionSupport - Spring Data Redis - Could not safely identify store assignment for repository candidate interface com.atguigu.yygh.hosp.repository.DepartmentRepository. If you want this repository to be a Redis repository, consider annotating your entities with one of these annotations: org.springframework.data.redis.core.RedisHash (preferred), or consider extending one of the following types with your repository: org.springframework.data.keyvalue.repository.KeyValueRepository.
2023-04-03 18:35:33.587 [restartedMain] INFO  o.s.d.r.c.RepositoryConfigurationExtensionSupport - Spring Data Redis - Could not safely identify store assignment for repository candidate interface com.atguigu.yygh.hosp.repository.HospitalRepository. If you want this repository to be a Redis repository, consider annotating your entities with one of these annotations: org.springframework.data.redis.core.RedisHash (preferred), or consider extending one of the following types with your repository: org.springframework.data.keyvalue.repository.KeyValueRepository.
2023-04-03 18:35:33.587 [restartedMain] INFO  o.s.d.r.c.RepositoryConfigurationExtensionSupport - Spring Data Redis - Could not safely identify store assignment for repository candidate interface com.atguigu.yygh.hosp.repository.ScheduleRepository. If you want this repository to be a Redis repository, consider annotating your entities with one of these annotations: org.springframework.data.redis.core.RedisHash (preferred), or consider extending one of the following types with your repository: org.springframework.data.keyvalue.repository.KeyValueRepository.
2023-04-03 18:35:33.587 [restartedMain] INFO  o.s.d.r.config.RepositoryConfigurationDelegate - Finished Spring Data repository scanning in 5ms. Found 0 Redis repository interfaces.
2023-04-03 18:35:33.780 [restartedMain] INFO  o.s.c.s.PostProcessorRegistrationDelegate$BeanPostProcessorChecker - Bean 'org.springframework.transaction.annotation.ProxyTransactionManagementConfiguration' of type [org.springframework.transaction.annotation.ProxyTransactionManagementConfiguration] is not eligible for getting processed by all BeanPostProcessors (for example: not eligible for auto-proxying)
2023-04-03 18:35:34.015 [restartedMain] INFO  o.s.boot.web.embedded.tomcat.TomcatWebServer - Tomcat initialized with port(s): 8201 (http)
2023-04-03 18:35:34.022 [restartedMain] INFO  org.apache.coyote.http11.Http11NioProtocol - Initializing ProtocolHandler ["http-nio-8201"]
2023-04-03 18:35:34.023 [restartedMain] INFO  org.apache.catalina.core.StandardService - Starting service [Tomcat]
2023-04-03 18:35:34.023 [restartedMain] INFO  org.apache.catalina.core.StandardEngine - Starting Servlet engine: [Apache Tomcat/9.0.29]
2023-04-03 18:35:34.118 [restartedMain] INFO  o.a.c.core.ContainerBase.[Tomcat].[localhost].[/] - Initializing Spring embedded WebApplicationContext
2023-04-03 18:35:34.118 [restartedMain] INFO  org.springframework.web.context.ContextLoader - Root WebApplicationContext: initialization completed in 1238 ms
2023-04-03 18:35:34.570 [restartedMain] INFO  org.mongodb.driver.cluster - Cluster created with settings {hosts=[192.168.9.100:27017], mode=SINGLE, requiredClusterType=UNKNOWN, serverSelectionTimeout='30000 ms', maxWaitQueueSize=500}
2023-04-03 18:35:34.601 [cluster-ClusterId{value='642aabf691c47f0eda18327b', description='null'}-192.168.9.100:27017] INFO  org.mongodb.driver.connection - Opened connection [connectionId{localValue:1, serverValue:38}] to 192.168.9.100:27017
2023-04-03 18:35:34.604 [cluster-ClusterId{value='642aabf691c47f0eda18327b', description='null'}-192.168.9.100:27017] INFO  org.mongodb.driver.cluster - Monitor thread successfully connected to server with description ServerDescription{address=192.168.9.100:27017, type=STANDALONE, state=CONNECTED, ok=true, version=ServerVersion{versionList=[6, 0, 5]}, minWireVersion=0, maxWireVersion=17, maxDocumentSize=16777216, logicalSessionTimeoutMinutes=30, roundTripTimeNanos=1940700}
2023-04-03 18:35:34.755 [restartedMain] INFO  o.s.b.d.autoconfigure.OptionalLiveReloadServer - LiveReload server is running on port 35729
2023-04-03 18:35:34.786 [restartedMain] INFO  org.mongodb.driver.connection - Opened connection [connectionId{localValue:2, serverValue:39}] to 192.168.9.100:27017
2023-04-03 18:35:35.739 [restartedMain] INFO  s.d.s.w.PropertySourcedRequestMappingHandlerMapping - Mapped URL path [/v2/api-docs] onto method [springfox.documentation.swagger2.web.Swagger2Controller#getDocumentation(String, HttpServletRequest)]
2023-04-03 18:35:35.955 [restartedMain] INFO  o.s.scheduling.concurrent.ThreadPoolTaskExecutor - Initializing ExecutorService 'applicationTaskExecutor'
2023-04-03 18:35:36.141 [restartedMain] INFO  s.d.s.web.plugins.DocumentationPluginsBootstrapper - Context refreshed
2023-04-03 18:35:36.153 [restartedMain] INFO  s.d.s.web.plugins.DocumentationPluginsBootstrapper - Found 2 custom documentation plugin(s)
2023-04-03 18:35:36.174 [restartedMain] INFO  s.d.spring.web.scanners.ApiListingReferenceScanner - Scanning for api listing references
2023-04-03 18:35:36.287 [restartedMain] INFO  s.d.spring.web.scanners.ApiListingReferenceScanner - Scanning for api listing references
2023-04-03 18:35:36.322 [restartedMain] INFO  s.d.s.w.r.operation.CachingOperationNameGenerator - Generating unique operation named: batchRemoveHospSetUsingDELETE_1
2023-04-03 18:35:36.324 [restartedMain] INFO  s.d.s.w.r.operation.CachingOperationNameGenerator - Generating unique operation named: deleteHospSetUsingDELETE_1
2023-04-03 18:35:36.325 [restartedMain] INFO  s.d.s.w.r.operation.CachingOperationNameGenerator - Generating unique operation named: findAllHospUsingGET_1
2023-04-03 18:35:36.329 [restartedMain] INFO  s.d.s.w.r.operation.CachingOperationNameGenerator - Generating unique operation named: findPageHospUsingPOST_1
2023-04-03 18:35:36.331 [restartedMain] INFO  s.d.s.w.r.operation.CachingOperationNameGenerator - Generating unique operation named: getHospSetUsingGET_1
2023-04-03 18:35:36.333 [restartedMain] INFO  s.d.s.w.r.operation.CachingOperationNameGenerator - Generating unique operation named: lockHospitalSetUsingPUT_1
2023-04-03 18:35:36.336 [restartedMain] INFO  s.d.s.w.r.operation.CachingOperationNameGenerator - Generating unique operation named: saveHospSetUsingPOST_1
2023-04-03 18:35:36.338 [restartedMain] INFO  s.d.s.w.r.operation.CachingOperationNameGenerator - Generating unique operation named: sendKeyUsingPUT_1
2023-04-03 18:35:36.340 [restartedMain] INFO  s.d.s.w.r.operation.CachingOperationNameGenerator - Generating unique operation named: statusUsingPUT_1
2023-04-03 18:35:36.343 [restartedMain] INFO  s.d.s.w.r.operation.CachingOperationNameGenerator - Generating unique operation named: updateHospSetUsingPUT_1
2023-04-03 18:35:36.349 [restartedMain] INFO  org.apache.coyote.http11.Http11NioProtocol - Starting ProtocolHandler ["http-nio-8201"]
2023-04-03 18:35:36.375 [restartedMain] INFO  o.s.boot.web.embedded.tomcat.TomcatWebServer - Tomcat started on port(s): 8201 (http) with context path ''
2023-04-03 18:35:36.377 [restartedMain] INFO  com.atguigu.yygh.hosp.ServiceHospApplication - Started ServiceHospApplication in 3.823 seconds (JVM running for 4.674)
2023-04-03 18:35:51.352 [SpringContextShutdownHook] INFO  o.s.scheduling.concurrent.ThreadPoolTaskExecutor - Shutting down ExecutorService 'applicationTaskExecutor'
2023-04-03 18:35:51.364 [SpringContextShutdownHook] INFO  org.mongodb.driver.connection - Closed connection [connectionId{localValue:2, serverValue:39}] to 192.168.9.100:27017 because the pool has been closed.
2023-04-03 18:43:22.854 [restartedMain] INFO  com.atguigu.yygh.hosp.ServiceHospApplication - The following profiles are active: dev
2023-04-03 18:43:23.422 [restartedMain] INFO  o.s.d.r.config.RepositoryConfigurationDelegate - Multiple Spring Data modules found, entering strict repository configuration mode!
2023-04-03 18:43:23.422 [restartedMain] INFO  o.s.d.r.config.RepositoryConfigurationDelegate - Bootstrapping Spring Data MongoDB repositories in DEFAULT mode.
2023-04-03 18:43:23.498 [restartedMain] INFO  o.s.d.r.config.RepositoryConfigurationDelegate - Finished Spring Data repository scanning in 73ms. Found 3 MongoDB repository interfaces.
2023-04-03 18:43:23.507 [restartedMain] INFO  o.s.d.r.config.RepositoryConfigurationDelegate - Multiple Spring Data modules found, entering strict repository configuration mode!
2023-04-03 18:43:23.507 [restartedMain] INFO  o.s.d.r.config.RepositoryConfigurationDelegate - Bootstrapping Spring Data Redis repositories in DEFAULT mode.
2023-04-03 18:43:23.515 [restartedMain] INFO  o.s.d.r.c.RepositoryConfigurationExtensionSupport - Spring Data Redis - Could not safely identify store assignment for repository candidate interface com.atguigu.yygh.hosp.repository.DepartmentRepository. If you want this repository to be a Redis repository, consider annotating your entities with one of these annotations: org.springframework.data.redis.core.RedisHash (preferred), or consider extending one of the following types with your repository: org.springframework.data.keyvalue.repository.KeyValueRepository.
2023-04-03 18:43:23.516 [restartedMain] INFO  o.s.d.r.c.RepositoryConfigurationExtensionSupport - Spring Data Redis - Could not safely identify store assignment for repository candidate interface com.atguigu.yygh.hosp.repository.HospitalRepository. If you want this repository to be a Redis repository, consider annotating your entities with one of these annotations: org.springframework.data.redis.core.RedisHash (preferred), or consider extending one of the following types with your repository: org.springframework.data.keyvalue.repository.KeyValueRepository.
2023-04-03 18:43:23.516 [restartedMain] INFO  o.s.d.r.c.RepositoryConfigurationExtensionSupport - Spring Data Redis - Could not safely identify store assignment for repository candidate interface com.atguigu.yygh.hosp.repository.ScheduleRepository. If you want this repository to be a Redis repository, consider annotating your entities with one of these annotations: org.springframework.data.redis.core.RedisHash (preferred), or consider extending one of the following types with your repository: org.springframework.data.keyvalue.repository.KeyValueRepository.
2023-04-03 18:43:23.516 [restartedMain] INFO  o.s.d.r.config.RepositoryConfigurationDelegate - Finished Spring Data repository scanning in 4ms. Found 0 Redis repository interfaces.
2023-04-03 18:43:23.660 [restartedMain] INFO  o.springframework.cloud.context.scope.GenericScope - BeanFactory id=dc38ddc9-8f99-3c50-a511-4ef8fc1d1b3a
2023-04-03 18:43:23.725 [restartedMain] INFO  o.s.c.s.PostProcessorRegistrationDelegate$BeanPostProcessorChecker - Bean 'org.springframework.transaction.annotation.ProxyTransactionManagementConfiguration' of type [org.springframework.transaction.annotation.ProxyTransactionManagementConfiguration] is not eligible for getting processed by all BeanPostProcessors (for example: not eligible for auto-proxying)
2023-04-03 18:43:23.757 [restartedMain] INFO  o.s.c.s.PostProcessorRegistrationDelegate$BeanPostProcessorChecker - Bean 'org.springframework.cloud.autoconfigure.ConfigurationPropertiesRebinderAutoConfiguration' of type [org.springframework.cloud.autoconfigure.ConfigurationPropertiesRebinderAutoConfiguration] is not eligible for getting processed by all BeanPostProcessors (for example: not eligible for auto-proxying)
2023-04-03 18:43:24.040 [restartedMain] INFO  o.s.boot.web.embedded.tomcat.TomcatWebServer - Tomcat initialized with port(s): 8201 (http)
2023-04-03 18:43:24.046 [restartedMain] INFO  org.apache.coyote.http11.Http11NioProtocol - Initializing ProtocolHandler ["http-nio-8201"]
2023-04-03 18:43:24.046 [restartedMain] INFO  org.apache.catalina.core.StandardService - Starting service [Tomcat]
2023-04-03 18:43:24.046 [restartedMain] INFO  org.apache.catalina.core.StandardEngine - Starting Servlet engine: [Apache Tomcat/9.0.29]
2023-04-03 18:43:24.125 [restartedMain] INFO  o.a.c.core.ContainerBase.[Tomcat].[localhost].[/] - Initializing Spring embedded WebApplicationContext
2023-04-03 18:43:24.126 [restartedMain] INFO  org.springframework.web.context.ContextLoader - Root WebApplicationContext: initialization completed in 1262 ms
2023-04-03 18:43:24.503 [restartedMain] INFO  org.mongodb.driver.cluster - Cluster created with settings {hosts=[192.168.9.100:27017], mode=SINGLE, requiredClusterType=UNKNOWN, serverSelectionTimeout='30000 ms', maxWaitQueueSize=500}
2023-04-03 18:43:24.533 [cluster-ClusterId{value='642aadcc644742712b091562', description='null'}-192.168.9.100:27017] INFO  org.mongodb.driver.connection - Opened connection [connectionId{localValue:1, serverValue:40}] to 192.168.9.100:27017
2023-04-03 18:43:24.536 [cluster-ClusterId{value='642aadcc644742712b091562', description='null'}-192.168.9.100:27017] INFO  org.mongodb.driver.cluster - Monitor thread successfully connected to server with description ServerDescription{address=192.168.9.100:27017, type=STANDALONE, state=CONNECTED, ok=true, version=ServerVersion{versionList=[6, 0, 5]}, minWireVersion=0, maxWireVersion=17, maxDocumentSize=16777216, logicalSessionTimeoutMinutes=30, roundTripTimeNanos=1790400}
2023-04-03 18:43:24.675 [restartedMain] INFO  o.s.b.d.autoconfigure.OptionalLiveReloadServer - LiveReload server is running on port 35729
2023-04-03 18:43:24.701 [restartedMain] INFO  org.mongodb.driver.connection - Opened connection [connectionId{localValue:2, serverValue:41}] to 192.168.9.100:27017
2023-04-03 18:43:25.565 [restartedMain] INFO  s.d.s.w.PropertySourcedRequestMappingHandlerMapping - Mapped URL path [/v2/api-docs] onto method [springfox.documentation.swagger2.web.Swagger2Controller#getDocumentation(String, HttpServletRequest)]
2023-04-03 18:43:25.707 [restartedMain] INFO  com.netflix.config.sources.URLConfigurationSource - To enable URLs as dynamic configuration sources, define System property archaius.configurationSource.additionalUrls or make config.properties available on classpath.
2023-04-03 18:43:25.747 [restartedMain] INFO  com.netflix.config.sources.URLConfigurationSource - To enable URLs as dynamic configuration sources, define System property archaius.configurationSource.additionalUrls or make config.properties available on classpath.
2023-04-03 18:43:25.834 [restartedMain] INFO  o.s.scheduling.concurrent.ThreadPoolTaskExecutor - Initializing ExecutorService 'applicationTaskExecutor'
2023-04-03 18:43:26.247 [restartedMain] INFO  o.s.scheduling.concurrent.ThreadPoolTaskScheduler - Initializing ExecutorService 'Nacso-Watch-Task-Scheduler'
2023-04-03 18:43:27.218 [restartedMain] INFO  s.d.s.web.plugins.DocumentationPluginsBootstrapper - Context refreshed
2023-04-03 18:43:27.227 [restartedMain] INFO  s.d.s.web.plugins.DocumentationPluginsBootstrapper - Found 2 custom documentation plugin(s)
2023-04-03 18:43:27.245 [restartedMain] INFO  s.d.spring.web.scanners.ApiListingReferenceScanner - Scanning for api listing references
2023-04-03 18:43:27.346 [restartedMain] INFO  s.d.spring.web.scanners.ApiListingReferenceScanner - Scanning for api listing references
2023-04-03 18:43:27.386 [restartedMain] INFO  s.d.s.w.r.operation.CachingOperationNameGenerator - Generating unique operation named: batchRemoveHospSetUsingDELETE_1
2023-04-03 18:43:27.388 [restartedMain] INFO  s.d.s.w.r.operation.CachingOperationNameGenerator - Generating unique operation named: deleteHospSetUsingDELETE_1
2023-04-03 18:43:27.390 [restartedMain] INFO  s.d.s.w.r.operation.CachingOperationNameGenerator - Generating unique operation named: findAllHospUsingGET_1
2023-04-03 18:43:27.393 [restartedMain] INFO  s.d.s.w.r.operation.CachingOperationNameGenerator - Generating unique operation named: findPageHospUsingPOST_1
2023-04-03 18:43:27.395 [restartedMain] INFO  s.d.s.w.r.operation.CachingOperationNameGenerator - Generating unique operation named: getHospSetUsingGET_1
2023-04-03 18:43:27.397 [restartedMain] INFO  s.d.s.w.r.operation.CachingOperationNameGenerator - Generating unique operation named: lockHospitalSetUsingPUT_1
2023-04-03 18:43:27.400 [restartedMain] INFO  s.d.s.w.r.operation.CachingOperationNameGenerator - Generating unique operation named: saveHospSetUsingPOST_1
2023-04-03 18:43:27.401 [restartedMain] INFO  s.d.s.w.r.operation.CachingOperationNameGenerator - Generating unique operation named: sendKeyUsingPUT_1
2023-04-03 18:43:27.403 [restartedMain] INFO  s.d.s.w.r.operation.CachingOperationNameGenerator - Generating unique operation named: statusUsingPUT_1
2023-04-03 18:43:27.405 [restartedMain] INFO  s.d.s.w.r.operation.CachingOperationNameGenerator - Generating unique operation named: updateHospSetUsingPUT_1
2023-04-03 18:43:27.411 [restartedMain] INFO  org.apache.coyote.http11.Http11NioProtocol - Starting ProtocolHandler ["http-nio-8201"]
2023-04-03 18:43:27.426 [restartedMain] INFO  o.s.boot.web.embedded.tomcat.TomcatWebServer - Tomcat started on port(s): 8201 (http) with context path ''
2023-04-03 18:43:27.540 [restartedMain] INFO  c.a.cloud.nacos.registry.NacosServiceRegistry - nacos registry, DEFAULT_GROUP service-hosp 192.168.9.1:8201 register finished
2023-04-03 18:43:27.874 [restartedMain] INFO  com.atguigu.yygh.hosp.ServiceHospApplication - Started ServiceHospApplication in 6.233 seconds (JVM running for 7.123)
2023-04-03 20:54:59.269 [SpringContextShutdownHook] INFO  c.a.cloud.nacos.registry.NacosServiceRegistry - De-registering from Nacos Server now...
2023-04-03 20:54:59.513 [SpringContextShutdownHook] INFO  c.a.cloud.nacos.registry.NacosServiceRegistry - De-registration finished.
2023-04-03 20:54:59.515 [SpringContextShutdownHook] INFO  o.s.scheduling.concurrent.ThreadPoolTaskExecutor - Shutting down ExecutorService 'applicationTaskExecutor'
2023-04-03 20:54:59.682 [SpringContextShutdownHook] INFO  org.mongodb.driver.connection - Closed connection [connectionId{localValue:2, serverValue:41}] to 192.168.9.100:27017 because the pool has been closed.
